\BOOKMARK [1][-]{section.1}{\376\377\000I\000n\000t\000r\000o\000d\000u\000c\000t\000i\000o\000n}{}% 1
\BOOKMARK [1][-]{section.2}{\376\377\000T\000o\000k\000e\000n\000i\000z\000a\000t\000i\000o\000n\000,\000\040\000e\000m\000b\000e\000d\000d\000i\000n\000g\000s\000\040\000e\000t\000\040\000s\000i\000m\000i\000l\000a\000r\000i\000t\000\351}{}% 2
\BOOKMARK [2][-]{subsection.2.1}{\376\377\000N\000o\000r\000m\000a\000l\000i\000s\000a\000t\000i\000o\000n}{section.2}% 3
\BOOKMARK [2][-]{subsection.2.2}{\376\377\000D\000i\000c\000t\000i\000o\000n\000n\000a\000i\000r\000e\000\040\000o\000u\000\040\000t\000o\000k\000e\000n\000i\000z\000a\000t\000i\000o\000n}{section.2}% 4
\BOOKMARK [3][-]{subsubsection.2.2.1}{\376\377\000T\000o\000k\000e\000n\000i\000s\000a\000t\000i\000o\000n\000\040\000b\000a\000s\000\351\000e\000\040\000s\000u\000r\000\040\000l\000e\000s\000\040\000e\000s\000p\000a\000c\000e\000s\000\040\000e\000t\000\040\000l\000a\000\040\000p\000o\000n\000c\000t\000u\000a\000t\000i\000o\000n}{subsection.2.2}% 5
\BOOKMARK [3][-]{subsubsection.2.2.2}{\376\377\000T\000o\000k\000e\000n\000i\000s\000a\000t\000i\000o\000n\000\040\000e\000n\000\040\000s\000o\000u\000s\000-\000m\000o\000t\000s}{subsection.2.2}% 6
\BOOKMARK [2][-]{subsection.2.3}{\376\377\000E\000m\000b\000e\000d\000d\000i\000n\000g\000\040\000p\000o\000u\000r\000\040\000l\000e\000s\000\040\000t\000o\000k\000e\000n\000s}{section.2}% 7
\BOOKMARK [3][-]{subsubsection.2.3.1}{\376\377\000W\000o\000r\000d\0002\000v\000e\000c}{subsection.2.3}% 8
\BOOKMARK [1][-]{section.3}{\376\377\000U\000n\000\040\000m\000o\000t\000e\000u\000r\000\040\000d\000e\000\040\000r\000e\000c\000h\000e\000r\000c\000h\000e\000\040\000s\000a\000n\000s\000\040\000m\000o\000d\000\350\000l\000e\000\040\000T\000r\000a\000n\000s\000f\000o\000r\000m\000e\000r\000s}{}% 9
\BOOKMARK [2][-]{subsection.3.1}{\376\377\000L\000a\000\040\000m\000\351\000t\000h\000o\000d\000e\000\040\000:\000\040\000T\000e\000r\000m\000\040\000F\000r\000e\000q\000u\000e\000n\000c\000y\000-\000I\000n\000v\000e\000r\000s\000e\000\040\000D\000o\000c\000u\000m\000e\000n\000t\000\040\000F\000r\000e\000q\000u\000e\000n\000c\000y}{section.3}% 10
\BOOKMARK [3][-]{subsubsection.3.1.1}{\376\377\000L\000a\000\040\000m\000\351\000t\000h\000o\000d\000e\000\040\000T\000F\000-\000I\000D\000F\000\040\000e\000n\000\040\000l\000i\000e\000n\000\040\000a\000v\000e\000c\000\040\000l\000a\000\040\000t\000h\000\351\000o\000r\000i\000e\000\040\000d\000e\000\040\000l\000'\000i\000n\000f\000o\000r\000m\000a\000t\000i\000o\000n}{subsection.3.1}% 11
\BOOKMARK [3][-]{subsubsection.3.1.2}{\376\377\000I\000n\000d\000i\000c\000e\000\040\000d\000e\000\040\000s\000i\000m\000i\000l\000a\000r\000i\000t\000\351\000\040\000e\000n\000t\000r\000e\000\040\000d\000e\000u\000x\000\040\000d\000o\000c\000u\000m\000e\000n\000t\000s}{subsection.3.1}% 12
\BOOKMARK [3][-]{subsubsection.3.1.3}{\376\377\000L\000i\000m\000i\000t\000e\000s\000\040\000d\000e\000\040\000l\000a\000\040\000m\000\351\000t\000h\000o\000d\000e}{subsection.3.1}% 13
\BOOKMARK [1][-]{section.4}{\376\377\000M\000\351\000c\000a\000n\000i\000s\000m\000e\000\040\000d\000'\000a\000t\000t\000e\000n\000t\000i\000o\000n\000\040\000p\000o\000u\000r\000\040\000l\000e\000\040\000d\000e\000e\000p\000\040\000l\000e\000a\000r\000n\000i\000n\000g}{}% 14
\BOOKMARK [2][-]{subsection.4.1}{\376\377\000L\000e\000s\000\040\000m\000o\000d\000\350\000l\000e\000s\000\040\000T\000r\000a\000n\000s\000f\000o\000r\000m\000e\000r\000s\000\040\000d\000e\000\040\000t\000y\000p\000e\000\040\000e\000n\000c\000o\000d\000a\000g\000e}{section.4}% 15
\BOOKMARK [3][-]{subsubsection.4.1.1}{\376\377\000D\000o\000n\000n\000\351\000e\000s\000\040\000d\000'\000e\000n\000t\000r\000\351\000e\000\040\000:\000\040\000e\000m\000b\000e\000d\000d\000i\000n\000g\000s\000\040\000e\000t\000\040\000p\000o\000s\000i\000t\000i\000o\000n\000a\000l\000\040\000e\000n\000c\000o\000d\000i\000n\000g}{subsection.4.1}% 16
\BOOKMARK [3][-]{subsubsection.4.1.2}{\376\377\000A\000r\000c\000h\000i\000t\000e\000c\000t\000u\000r\000e\000\040\000d\000'\000u\000n\000\040\000m\000o\000d\000\350\000l\000e\000\040\000d\000e\000\040\000t\000y\000p\000e\000\040\000e\000n\000c\000o\000d\000e\000u\000r}{subsection.4.1}% 17
\BOOKMARK [3][-]{subsubsection.4.1.3}{\376\377\000M\000\351\000c\000a\000n\000i\000s\000m\000e\000\040\000d\000'\000a\000t\000t\000e\000n\000t\000i\000o\000n\000\040\000e\000t\000\040\000m\000u\000l\000t\000i\000-\000t\000\352\000t\000e\000s}{subsection.4.1}% 18
\BOOKMARK [2][-]{subsection.4.2}{\376\377\000L\000e\000\040\000m\000o\000d\000\350\000l\000e\000\040\000B\000E\000R\000T}{section.4}% 19
\BOOKMARK [3][-]{subsubsection.4.2.1}{\376\377\000A\000r\000c\000h\000i\000t\000e\000c\000t\000u\000r\000e\000\040\000d\000u\000\040\000m\000o\000d\000\350\000l\000e\000\040\000B\000E\000R\000T}{subsection.4.2}% 20
\BOOKMARK [3][-]{subsubsection.4.2.2}{\376\377\000I\000n\000t\000r\000o\000d\000u\000c\000t\000i\000o\000n\000\040\000d\000e\000\040\000n\000o\000u\000v\000e\000a\000u\000x\000\040\000t\000o\000k\000e\000n\000s}{subsection.4.2}% 21
\BOOKMARK [3][-]{subsubsection.4.2.3}{\376\377\000P\000r\000\351\000-\000e\000n\000t\000r\000a\000\356\000n\000e\000m\000e\000n\000t\000\040\000d\000u\000\040\000m\000o\000d\000\350\000l\000e\000\040\000B\000E\000R\000T\000\040\000p\000o\000u\000r\000\040\000l\000a\000\040\000c\000l\000a\000s\000s\000i\000f\000i\000c\000a\000t\000i\000o\000n}{subsection.4.2}% 22
\BOOKMARK [3][-]{subsubsection.4.2.4}{\376\377\000F\000i\000n\000e\000-\000t\000u\000n\000i\000n\000g\000\040\000d\000u\000\040\000m\000o\000d\000\350\000l\000e\000\040\000B\000E\000R\000T\000\040\000p\000o\000u\000r\000\040\000d\000e\000s\000\040\000t\000\342\000c\000h\000e\000s\000\040\000d\000e\000\040\000c\000l\000a\000s\000s\000i\000f\000i\000c\000a\000t\000i\000o\000n}{subsection.4.2}% 23
\BOOKMARK [1][-]{section.5}{\376\377\000U\000n\000\040\000m\000o\000t\000e\000u\000r\000\040\000d\000e\000\040\000r\000e\000c\000h\000e\000r\000c\000h\000e\000\040\000a\000v\000e\000c\000\040\000u\000n\000\040\000m\000o\000d\000\350\000l\000e\000\040\000T\000r\000a\000n\000s\000f\000o\000r\000m\000e\000r\000s}{}% 24
\BOOKMARK [2][-]{subsection.5.1}{\376\377\000S\000B\000E\000R\000T\000\040\000:\000\040\000u\000n\000\040\000f\000i\000n\000e\000-\000t\000u\000n\000i\000n\000g\000\040\000d\000u\000\040\000m\000o\000d\000\350\000l\000e\000\040\000B\000E\000R\000T\000\040\000p\000o\000u\000r\000\040\000o\000b\000t\000e\000n\000i\000r\000\040\000d\000e\000s\000\040\000e\000m\000b\000e\000d\000d\000i\000n\000g\000s\000\040\000d\000e\000\040\000p\000h\000r\000a\000s\000e\000s}{section.5}% 25
\BOOKMARK [1][-]{section.6}{\376\377\000C\000o\000n\000c\000l\000u\000s\000i\000o\000n}{}% 26
